#
# There is insufficient memory for the Java Runtime Environment to continue.
# Native memory allocation (malloc) failed to allocate 32744 bytes for ChunkPool::allocate
# Possible reasons:
#   The system is out of physical RAM or swap space
#   In 32 bit mode, the process size limit was hit
# Possible solutions:
#   Reduce memory load on the system
#   Increase physical memory or swap space
#   Check if swap backing store is full
#   Use 64 bit Java on a 64 bit OS
#   Decrease Java heap size (-Xmx/-Xms)
#   Decrease number of Java threads
#   Decrease Java thread stack sizes (-Xss)
#   Set larger code cache with -XX:ReservedCodeCacheSize=
# This output file may be truncated or incomplete.
#
#  Out of Memory Error (allocation.cpp:273), pid=27100, tid=0x0000000000000e60
#
# JRE version: Java(TM) SE Runtime Environment (8.0_131-b11) (build 1.8.0_131-b11)
# Java VM: Java HotSpot(TM) 64-Bit Server VM (25.131-b11 mixed mode windows-amd64 compressed oops)
# Failed to write core dump. Minidumps are not enabled by default on client versions of Windows
#

---------------  T H R E A D  ---------------

Current thread (0x00000000193ee000):  JavaThread "C1 CompilerThread3" daemon [_thread_in_native, id=3680, stack(0x000000001ac70000,0x000000001ad70000)]

Stack: [0x000000001ac70000,0x000000001ad70000]
[error occurred during error reporting (printing stack bounds), id 0xc0000005]

Native frames: (J=compiled Java code, j=interpreted, Vv=VM code, C=native code)


Current CompileTask:
C1:   2332 2603       3       org.apache.maven.model.io.xpp3.MavenXpp3Reader::parseModel (1591 bytes)


---------------  P R O C E S S  ---------------

Java Threads: ( => current thread )
  0x0000000019482800 JavaThread "Service Thread" daemon [_thread_blocked, id=22848, stack(0x000000001ad70000,0x000000001ae70000)]
=>0x00000000193ee000 JavaThread "C1 CompilerThread3" daemon [_thread_in_native, id=3680, stack(0x000000001ac70000,0x000000001ad70000)]
  0x00000000193ef800 JavaThread "C2 CompilerThread2" daemon [_thread_in_native, id=28932, stack(0x000000001ab70000,0x000000001ac70000)]
  0x00000000193f0800 JavaThread "C2 CompilerThread1" daemon [_thread_in_native, id=29264, stack(0x000000001aa70000,0x000000001ab70000)]
  0x00000000193e5000 JavaThread "C2 CompilerThread0" daemon [_thread_in_native, id=33232, stack(0x000000001a970000,0x000000001aa70000)]
  0x00000000193df000 JavaThread "Attach Listener" daemon [_thread_blocked, id=12808, stack(0x000000001a870000,0x000000001a970000)]
  0x000000001938c000 JavaThread "Signal Dispatcher" daemon [_thread_blocked, id=25416, stack(0x000000001a770000,0x000000001a870000)]
  0x0000000019373000 JavaThread "Finalizer" daemon [_thread_blocked, id=22500, stack(0x000000001a600000,0x000000001a700000)]
  0x0000000017c9c800 JavaThread "Reference Handler" daemon [_thread_blocked, id=35172, stack(0x000000001a500000,0x000000001a600000)]
  0x00000000029f2800 JavaThread "main" [_thread_in_vm, id=24364, stack(0x00000000028e0000,0x00000000029e0000)]

Other Threads:
  0x0000000019352800 VMThread [stack: 0x000000001a400000,0x000000001a500000] [id=5656]
  0x0000000019441800 WatcherThread [stack: 0x000000001ae70000,0x000000001af70000] [id=10008]

VM state:not at safepoint (normal execution)

VM Mutex/Monitor currently owned by a thread: None

Heap:
 PSYoungGen      total 38400K, used 34394K [0x00000000d5f80000, 0x00000000daa80000, 0x0000000100000000)
  eden space 33280K, 87% used [0x00000000d5f80000,0x00000000d7c18bc8,0x00000000d8000000)
  from space 5120K, 99% used [0x00000000d8000000,0x00000000d84fe030,0x00000000d8500000)
  to   space 5120K, 0% used [0x00000000da580000,0x00000000da580000,0x00000000daa80000)
 ParOldGen       total 87552K, used 6404K [0x0000000081e00000, 0x0000000087380000, 0x00000000d5f80000)
  object space 87552K, 7% used [0x0000000081e00000,0x0000000082441200,0x0000000087380000)
 Metaspace       used 16445K, capacity 16754K, committed 17024K, reserved 1064960K
  class space    used 1956K, capacity 2049K, committed 2176K, reserved 1048576K

Card table byte_map: [0x0000000011ec0000,0x00000000122c0000] byte_map_base: 0x0000000011ab1000

Marking Bits: (ParMarkBitMap*) 0x000000005e84c720
 Begin Bits: [0x0000000012f70000, 0x0000000014ef8000)
 End Bits:   [0x0000000014ef8000, 0x0000000016e80000)

Polling page: 0x0000000002500000

CodeCache: size=245760Kb used=8739Kb max_used=8750Kb free=237020Kb
 bounds [0x0000000002b00000, 0x00000000033a0000, 0x0000000011b00000]
 total_blobs=2977 nmethods=2600 adapters=289
 compilation: enabled

Compilation events (10 events):
Event: 2.325 Thread 0x00000000193ee000 nmethod 2602 0x0000000003387e50 code [0x0000000003388060, 0x0000000003388b78]
Event: 2.325 Thread 0x00000000193ee000 2593       1       org.codehaus.plexus.util.xml.pull.MXParser::getInputEncoding (5 bytes)
Event: 2.325 Thread 0x00000000193ee000 nmethod 2593 0x0000000003386cd0 code [0x0000000003386e20, 0x0000000003386f30]
Event: 2.325 Thread 0x00000000193ee000 2598       1       org.apache.maven.model.Scm::getChildScmConnectionInheritAppendPath (5 bytes)
Event: 2.325 Thread 0x00000000193ee000 nmethod 2598 0x0000000003386a10 code [0x0000000003386b60, 0x0000000003386c70]
Event: 2.325 Thread 0x00000000193ee000 2599       1       org.apache.maven.model.Scm::getChildScmDeveloperConnectionInheritAppendPath (5 bytes)
Event: 2.325 Thread 0x00000000193ee000 nmethod 2599 0x0000000003386750 code [0x00000000033868a0, 0x00000000033869b0]
Event: 2.325 Thread 0x00000000193ee000 2600       1       org.apache.maven.model.Scm::getChildScmUrlInheritAppendPath (5 bytes)
Event: 2.325 Thread 0x00000000193ee000 nmethod 2600 0x00000000033863d0 code [0x0000000003386520, 0x0000000003386630]
Event: 2.326 Thread 0x00000000193ee000 2603       3       org.apache.maven.model.io.xpp3.MavenXpp3Reader::parseModel (1591 bytes)

GC Heap History (6 events):
Event: 1.180 GC heap before
{Heap before GC invocations=1 (full 0):
 PSYoungGen      total 38400K, used 33280K [0x00000000d5f80000, 0x00000000d8a00000, 0x0000000100000000)
  eden space 33280K, 100% used [0x00000000d5f80000,0x00000000d8000000,0x00000000d8000000)
  from space 5120K, 0% used [0x00000000d8500000,0x00000000d8500000,0x00000000d8a00000)
  to   space 5120K, 0% used [0x00000000d8000000,0x00000000d8000000,0x00000000d8500000)
 ParOldGen       total 87552K, used 0K [0x0000000081e00000, 0x0000000087380000, 0x00000000d5f80000)
  object space 87552K, 0% used [0x0000000081e00000,0x0000000081e00000,0x0000000087380000)
 Metaspace       used 8742K, capacity 8892K, committed 9088K, reserved 1056768K
  class space    used 1052K, capacity 1112K, committed 1152K, reserved 1048576K
Event: 1.184 GC heap after
Heap after GC invocations=1 (full 0):
 PSYoungGen      total 38400K, used 5096K [0x00000000d5f80000, 0x00000000d8a00000, 0x0000000100000000)
  eden space 33280K, 0% used [0x00000000d5f80000,0x00000000d5f80000,0x00000000d8000000)
  from space 5120K, 99% used [0x00000000d8000000,0x00000000d84fa008,0x00000000d8500000)
  to   space 5120K, 0% used [0x00000000d8500000,0x00000000d8500000,0x00000000d8a00000)
 ParOldGen       total 87552K, used 523K [0x0000000081e00000, 0x0000000087380000, 0x00000000d5f80000)
  object space 87552K, 0% used [0x0000000081e00000,0x0000000081e82c78,0x0000000087380000)
 Metaspace       used 8742K, capacity 8892K, committed 9088K, reserved 1056768K
  class space    used 1052K, capacity 1112K, committed 1152K, reserved 1048576K
}
Event: 1.450 GC heap before
{Heap before GC invocations=2 (full 0):
 PSYoungGen      total 38400K, used 38376K [0x00000000d5f80000, 0x00000000d8a00000, 0x0000000100000000)
  eden space 33280K, 100% used [0x00000000d5f80000,0x00000000d8000000,0x00000000d8000000)
  from space 5120K, 99% used [0x00000000d8000000,0x00000000d84fa008,0x00000000d8500000)
  to   space 5120K, 0% used [0x00000000d8500000,0x00000000d8500000,0x00000000d8a00000)
 ParOldGen       total 87552K, used 523K [0x0000000081e00000, 0x0000000087380000, 0x00000000d5f80000)
  object space 87552K, 0% used [0x0000000081e00000,0x0000000081e82c78,0x0000000087380000)
 Metaspace       used 12514K, capacity 12660K, committed 12928K, reserved 1060864K
  class space    used 1546K, capacity 1638K, committed 1664K, reserved 1048576K
Event: 1.456 GC heap after
Heap after GC invocations=2 (full 0):
 PSYoungGen      total 38400K, used 5106K [0x00000000d5f80000, 0x00000000daa80000, 0x0000000100000000)
  eden space 33280K, 0% used [0x00000000d5f80000,0x00000000d5f80000,0x00000000d8000000)
  from space 5120K, 99% used [0x00000000d8500000,0x00000000d89fcb38,0x00000000d8a00000)
  to   space 5120K, 0% used [0x00000000d8000000,0x00000000d8000000,0x00000000d8500000)
 ParOldGen       total 87552K, used 3217K [0x0000000081e00000, 0x0000000087380000, 0x00000000d5f80000)
  object space 87552K, 3% used [0x0000000081e00000,0x00000000821244e0,0x0000000087380000)
 Metaspace       used 12514K, capacity 12660K, committed 12928K, reserved 1060864K
  class space    used 1546K, capacity 1638K, committed 1664K, reserved 1048576K
}
Event: 1.947 GC heap before
{Heap before GC invocations=3 (full 0):
 PSYoungGen      total 38400K, used 38386K [0x00000000d5f80000, 0x00000000daa80000, 0x0000000100000000)
  eden space 33280K, 100% used [0x00000000d5f80000,0x00000000d8000000,0x00000000d8000000)
  from space 5120K, 99% used [0x00000000d8500000,0x00000000d89fcb38,0x00000000d8a00000)
  to   space 5120K, 0% used [0x00000000d8000000,0x00000000d8000000,0x00000000d8500000)
 ParOldGen       total 87552K, used 3217K [0x0000000081e00000, 0x0000000087380000, 0x00000000d5f80000)
  object space 87552K, 3% used [0x0000000081e00000,0x00000000821244e0,0x0000000087380000)
 Metaspace       used 15705K, capacity 15956K, committed 16128K, reserved 1062912K
  class space    used 1890K, capacity 1976K, committed 2048K, reserved 1048576K
Event: 1.955 GC heap after
Heap after GC invocations=3 (full 0):
 PSYoungGen      total 38400K, used 5112K [0x00000000d5f80000, 0x00000000daa80000, 0x0000000100000000)
  eden space 33280K, 0% used [0x00000000d5f80000,0x00000000d5f80000,0x00000000d8000000)
  from space 5120K, 99% used [0x00000000d8000000,0x00000000d84fe030,0x00000000d8500000)
  to   space 5120K, 0% used [0x00000000da580000,0x00000000da580000,0x00000000daa80000)
 ParOldGen       total 87552K, used 6404K [0x0000000081e00000, 0x0000000087380000, 0x00000000d5f80000)
  object space 87552K, 7% used [0x0000000081e00000,0x0000000082441200,0x0000000087380000)
 Metaspace       used 15705K, capacity 15956K, committed 16128K, reserved 1062912K
  class space    used 1890K, capacity 1976K, committed 2048K, reserved 1048576K
}

Deoptimization events (10 events):
Event: 2.099 Thread 0x00000000029f2800 Uncommon trap: reason=speculate_class_check action=maybe_recompile pc=0x00000000032a2de4 method=java.nio.charset.CharsetDecoder.decode(Ljava/nio/ByteBuffer;Ljava/nio/CharBuffer;Z)Ljava/nio/charset/CoderResult; @ 57
Event: 2.099 Thread 0x00000000029f2800 Uncommon trap: reason=speculate_class_check action=maybe_recompile pc=0x00000000032a2de4 method=java.nio.charset.CharsetDecoder.decode(Ljava/nio/ByteBuffer;Ljava/nio/CharBuffer;Z)Ljava/nio/charset/CoderResult; @ 57
Event: 2.107 Thread 0x00000000029f2800 Uncommon trap: reason=unstable_if action=reinterpret pc=0x00000000032f1e88 method=java.util.HashMap.getNode(ILjava/lang/Object;)Ljava/util/HashMap$Node; @ 53
Event: 2.107 Thread 0x00000000029f2800 Uncommon trap: reason=unstable_if action=reinterpret pc=0x0000000002e42968 method=java.util.HashMap.hash(Ljava/lang/Object;)I @ 1
Event: 2.107 Thread 0x00000000029f2800 Uncommon trap: reason=unstable_if action=reinterpret pc=0x0000000002eb2138 method=java.util.HashMap.getNode(ILjava/lang/Object;)Ljava/util/HashMap$Node; @ 53
Event: 2.152 Thread 0x00000000029f2800 Uncommon trap: reason=unstable_if action=reinterpret pc=0x000000000303d6f4 method=sun.net.www.protocol.jar.Handler.parseURL(Ljava/net/URL;Ljava/lang/String;II)V @ 94
Event: 2.154 Thread 0x00000000029f2800 Uncommon trap: reason=class_check action=maybe_recompile pc=0x000000000302b1c8 method=com.google.inject.internal.LinkedBindingImpl.acceptTargetVisitor(Lcom/google/inject/spi/BindingTargetVisitor;)Ljava/lang/Object; @ 2
Event: 2.154 Thread 0x00000000029f2800 Uncommon trap: reason=class_check action=maybe_recompile pc=0x000000000302b1c8 method=com.google.inject.internal.LinkedBindingImpl.acceptTargetVisitor(Lcom/google/inject/spi/BindingTargetVisitor;)Ljava/lang/Object; @ 2
Event: 2.161 Thread 0x00000000029f2800 Uncommon trap: reason=class_check action=maybe_recompile pc=0x000000000302b1c8 method=com.google.inject.internal.LinkedBindingImpl.acceptTargetVisitor(Lcom/google/inject/spi/BindingTargetVisitor;)Ljava/lang/Object; @ 2
Event: 2.161 Thread 0x00000000029f2800 Uncommon trap: reason=class_check action=maybe_recompile pc=0x000000000302b1c8 method=com.google.inject.internal.LinkedBindingImpl.acceptTargetVisitor(Lcom/google/inject/spi/BindingTargetVisitor;)Ljava/lang/Object; @ 2

Internal exceptions (10 events):
Event: 1.614 Thread 0x00000000029f2800 Exception <a 'java/lang/NullPointerException'> (0x00000000d6a7af08) thrown at [C:\re\workspace\8-2-build-windows-amd64-cygwin\jdk8u131\8869\hotspot\src\share\vm\interpreter\linkResolver.cpp, line 1197]
Event: 1.614 Thread 0x00000000029f2800 Exception <a 'java/lang/NullPointerException'> (0x00000000d6a7b120) thrown at [C:\re\workspace\8-2-build-windows-amd64-cygwin\jdk8u131\8869\hotspot\src\share\vm\interpreter\linkResolver.cpp, line 1197]
Event: 1.614 Thread 0x00000000029f2800 Exception <a 'java/lang/NullPointerException'> (0x00000000d6a7b338) thrown at [C:\re\workspace\8-2-build-windows-amd64-cygwin\jdk8u131\8869\hotspot\src\share\vm\interpreter\linkResolver.cpp, line 1197]
Event: 1.631 Thread 0x00000000029f2800 Implicit null exception at 0x0000000002cefa54 to 0x0000000002cefe05
Event: 1.631 Thread 0x00000000029f2800 Implicit null exception at 0x0000000002cd1dd6 to 0x0000000002cd2181
Event: 1.847 Thread 0x00000000029f2800 Implicit null exception at 0x000000000314df97 to 0x000000000314f22d
Event: 1.870 Thread 0x00000000029f2800 Implicit null exception at 0x000000000316e072 to 0x000000000316e8e1
Event: 1.870 Thread 0x00000000029f2800 Implicit null exception at 0x0000000002ecf495 to 0x0000000002ecf665
Event: 1.870 Thread 0x00000000029f2800 Implicit null exception at 0x0000000002e6fb1b to 0x0000000002e6ff8d
Event: 2.107 Thread 0x00000000029f2800 Implicit null exception at 0x0000000002e428ef to 0x0000000002e42959

Events (10 events):
Event: 2.182 loading class org/apache/maven/plugin/clean/Cleaner$3
Event: 2.182 loading class org/apache/maven/plugin/clean/Cleaner$3 done
Event: 2.182 loading class org/apache/maven/plugin/clean/Cleaner$3
Event: 2.182 loading class org/apache/maven/plugin/clean/Cleaner$3 done
Event: 2.184 loading class org/apache/maven/plugin/clean/Cleaner$Result
Event: 2.184 loading class org/apache/maven/plugin/clean/Cleaner$Result done
Event: 2.184 loading class org/apache/maven/plugin/clean/Cleaner$Result
Event: 2.184 loading class org/apache/maven/plugin/clean/Cleaner$Result done
Event: 2.184 loading class org/apache/maven/plugin/clean/Cleaner$Result
Event: 2.184 loading class org/apache/maven/plugin/clean/Cleaner$Result done


Dynamic libraries:
0x00007ff689070000 - 0x00007ff6890a7000 	F:\Java\jdk1.8.0_131\bin\javaw.exe
0x00007ffb70540000 - 0x00007ffb70730000 	C:\WINDOWS\SYSTEM32\ntdll.dll
0x00007ffb6e720000 - 0x00007ffb6e7d2000 	C:\WINDOWS\System32\KERNEL32.DLL
0x00007ffb6e1f0000 - 0x00007ffb6e493000 	C:\WINDOWS\System32\KERNELBASE.dll
0x00007ffb6e5f0000 - 0x00007ffb6e693000 	C:\WINDOWS\System32\ADVAPI32.dll
0x00007ffb701a0000 - 0x00007ffb7023e000 	C:\WINDOWS\System32\msvcrt.dll
0x00007ffb6e9f0000 - 0x00007ffb6ea87000 	C:\WINDOWS\System32\sechost.dll
0x00007ffb70240000 - 0x00007ffb70360000 	C:\WINDOWS\System32\RPCRT4.dll
0x00007ffb70360000 - 0x00007ffb704f4000 	C:\WINDOWS\System32\USER32.dll
0x00007ffb6e020000 - 0x00007ffb6e041000 	C:\WINDOWS\System32\win32u.dll
0x00007ffb6f850000 - 0x00007ffb6f876000 	C:\WINDOWS\System32\GDI32.dll
0x00007ffb6e050000 - 0x00007ffb6e1e4000 	C:\WINDOWS\System32\gdi32full.dll
0x00007ffb6dd00000 - 0x00007ffb6dd9e000 	C:\WINDOWS\System32\msvcp_win.dll
0x00007ffb6df20000 - 0x00007ffb6e01a000 	C:\WINDOWS\System32\ucrtbase.dll
0x00007ffb557d0000 - 0x00007ffb55a55000 	C:\WINDOWS\WinSxS\amd64_microsoft.windows.common-controls_6595b64144ccf1df_6.0.18362.657_none_e6c5b579130e3898\COMCTL32.dll
0x00007ffb6ed10000 - 0x00007ffb6f046000 	C:\WINDOWS\System32\combase.dll
0x00007ffb6dda0000 - 0x00007ffb6de20000 	C:\WINDOWS\System32\bcryptPrimitives.dll
0x00007ffb6f890000 - 0x00007ffb6f8be000 	C:\WINDOWS\System32\IMM32.DLL
0x000000005ea00000 - 0x000000005ead2000 	F:\Java\jdk1.8.0_131\jre\bin\msvcr100.dll
0x000000005e030000 - 0x000000005e8cc000 	F:\Java\jdk1.8.0_131\jre\bin\server\jvm.dll
0x00007ffb6f880000 - 0x00007ffb6f888000 	C:\WINDOWS\System32\PSAPI.DLL
0x00007ffb67fc0000 - 0x00007ffb67fca000 	C:\WINDOWS\SYSTEM32\VERSION.dll
0x00007ffb61640000 - 0x00007ffb61664000 	C:\WINDOWS\SYSTEM32\WINMM.dll
0x00007ffb67b60000 - 0x00007ffb67b69000 	C:\WINDOWS\SYSTEM32\WSOCK32.dll
0x00007ffb6f8c0000 - 0x00007ffb6f92f000 	C:\WINDOWS\System32\WS2_32.dll
0x00007ffb61610000 - 0x00007ffb6163d000 	C:\WINDOWS\SYSTEM32\winmmbase.dll
0x00007ffb6dcb0000 - 0x00007ffb6dcfa000 	C:\WINDOWS\System32\cfgmgr32.dll
0x0000000061510000 - 0x000000006151f000 	F:\Java\jdk1.8.0_131\jre\bin\verify.dll
0x0000000061070000 - 0x0000000061099000 	F:\Java\jdk1.8.0_131\jre\bin\java.dll
0x00000000613f0000 - 0x0000000061406000 	F:\Java\jdk1.8.0_131\jre\bin\zip.dll
0x00007ffb6f9f0000 - 0x00007ffb700d5000 	C:\WINDOWS\System32\SHELL32.dll
0x00007ffb700e0000 - 0x00007ffb70189000 	C:\WINDOWS\System32\shcore.dll
0x00007ffb6d4d0000 - 0x00007ffb6dc4f000 	C:\WINDOWS\System32\windows.storage.dll
0x00007ffb6d420000 - 0x00007ffb6d43f000 	C:\WINDOWS\System32\profapi.dll
0x00007ffb6d480000 - 0x00007ffb6d4ca000 	C:\WINDOWS\System32\powrprof.dll
0x00007ffb6d410000 - 0x00007ffb6d420000 	C:\WINDOWS\System32\UMPDC.dll
0x00007ffb6e6c0000 - 0x00007ffb6e712000 	C:\WINDOWS\System32\shlwapi.dll
0x00007ffb6d460000 - 0x00007ffb6d471000 	C:\WINDOWS\System32\kernel.appcore.dll
0x00007ffb6de50000 - 0x00007ffb6de67000 	C:\WINDOWS\System32\cryptsp.dll
0x00007ffb6c7f0000 - 0x00007ffb6c823000 	C:\WINDOWS\system32\rsaenh.dll
0x00007ffb6de20000 - 0x00007ffb6de46000 	C:\WINDOWS\System32\bcrypt.dll
0x00007ffb6d330000 - 0x00007ffb6d355000 	C:\WINDOWS\SYSTEM32\USERENV.dll
0x00007ffb6ce50000 - 0x00007ffb6ce5c000 	C:\WINDOWS\SYSTEM32\CRYPTBASE.dll
0x0000000060530000 - 0x000000006054a000 	F:\Java\jdk1.8.0_131\jre\bin\net.dll
0x00007ffb6cc80000 - 0x00007ffb6cce7000 	C:\WINDOWS\system32\mswsock.dll
0x00007ffb6c990000 - 0x00007ffb6c9ca000 	C:\WINDOWS\SYSTEM32\IPHLPAPI.DLL
0x00007ffb70190000 - 0x00007ffb70198000 	C:\WINDOWS\System32\NSI.dll
0x00007ffb65be0000 - 0x00007ffb65bf6000 	C:\WINDOWS\SYSTEM32\dhcpcsvc6.DLL
0x00007ffb65bc0000 - 0x00007ffb65bdc000 	C:\WINDOWS\SYSTEM32\dhcpcsvc.DLL
0x00007ffb6c9d0000 - 0x00007ffb6ca9a000 	C:\WINDOWS\SYSTEM32\DNSAPI.dll
0x000000005ee70000 - 0x000000005ee81000 	F:\Java\jdk1.8.0_131\jre\bin\nio.dll
0x00007ffb68180000 - 0x00007ffb6818a000 	C:\Users\10218\AppData\Local\Temp\jansi-1.17.1-6840410048126936554.dll
0x00007ffb634e0000 - 0x00007ffb634ea000 	C:\Users\10218\AppData\Local\Temp\jansi-1.17.1-5782547055320798533.dll

VM Arguments:
jvm_args: -Dmaven.home=EMBEDDED -Dclassworlds.conf=E:\project\spring_project\.metadata\.plugins\org.eclipse.m2e.launching\launches\m2conf3699505373881377965.tmp -Dmaven.multiModuleProjectDirectory=E:\project\spring_project\taotao-sso-web -Dfile.encoding=GBK 
java_command: org.codehaus.plexus.classworlds.launcher.Launcher -B -s E:\Maven\apache-maven-3.3.9\conf\settings.xml clean tomcat7:run
java_class_path (initial): D:\Eclipse\eclipse\plugins\org.eclipse.m2e.maven.runtime_1.14.0.20191209-1923\jars\plexus-classworlds-2.6.0.jar
Launcher Type: SUN_STANDARD

Environment Variables:
JAVA_HOME=F:\Java\jdk1.8.0_131
PATH=F:/Java/jdk1.8.0_131/bin/../jre/bin/server;F:/Java/jdk1.8.0_131/bin/../jre/bin;F:/Java/jdk1.8.0_131/bin/../jre/lib/amd64;F:\Xftp6\;F:\Xshell\;F:\Java\jdk1.8.0_131\bin;C:\Program Files (x86)\Common Files\Oracle\Java\javapath;C:\Program Files\NVIDIA GPU Computing Toolkit\CUDA\v9.2\bin;C:\Program Files\NVIDIA GPU Computing Toolkit\CUDA\v9.2\libnvvp;C:\Program Files (x86)\Intel\Intel(R) Management Engine Components\iCLS\;C:\Program Files\Intel\Intel(R) Management Engine Components\iCLS\;C:\Windows\system32;C:\Windows;C:\Windows\System32\Wbem;C:\Windows\System32\WindowsPowerShell\v1.0\;C:\Windows\System32\OpenSSH\;C:\Program Files (x86)\Intel\Intel(R) Management Engine Components\DAL;C:\Program Files\Intel\Intel(R) Management Engine Components\DAL;C:\Program Files (x86)\Intel\Intel(R) Management Engine Components\IPT;C:\Program Files\Intel\Intel(R) Management Engine Components\IPT;C:\Program Files (x86)\NVIDIA Corporation\PhysX\Common;C:\Program Files\dotnet\;D:\common;C:\WINDOWS\system32;C:\WINDOWS;C:\WINDOWS\System32\Wbem;C:\WINDOWS\System32\WindowsPowerShell\v1.0\;C:\WINDOWS\System32\OpenSSH\;D:\MatLab\runtime\win64;D:\MatLab\bin;D:\MatLab\polyspace\bin;D:\python;D:\anaconda;D:\anaconda\conda\Scripts;F:\MySQL\mysql-5.7.28-winx64\bin;F:\Git\Git\cmd;C:\Users\10218\AppData\Local\Microsoft\WindowsApps;;D:\Eclipse\eclipse;
USERNAME=10218
OS=Windows_NT
PROCESSOR_IDENTIFIER=Intel64 Family 6 Model 158 Stepping 10, GenuineIntel



---------------  S Y S T E M  ---------------

OS: Windows 10.0 , 64 bit Build 18362 (10.0.18362.329)

CPU:total 12 (initial active 12) (6 cores per cpu, 2 threads per core) family 6 model 158 stepping 10, cmov, cx8, fxsr, mmx, sse, sse2, sse3, ssse3, sse4.1, sse4.2, popcnt, avx, avx2, aes, clmul, erms, 3dnowpref, lzcnt, ht, tsc, tscinvbit, bmi1, bmi2, adx

Memory: 4k page, physical 8258868k(374192k free), swap 21366064k(5548k free)

vm_info: Java HotSpot(TM) 64-Bit Server VM (25.131-b11) for windows-amd64 JRE (1.8.0_131-b11), built on Mar 15 2017 01:23:53 by "java_re" with MS VC++ 10.0 (VS2010)

time: Wed Feb 26 17:52:42 2020
elapsed time: 2 seconds (0d 0h 0m 2s)

